1482221795256	geckodriver	INFO	Listening on 127.0.0.1:49712
1482221796943	mozprofile::profile	INFO	Using profile path C:\Users\Jose\AppData\Local\Temp\rust_mozprofile.c6EKeyjw9AK1
1482221796959	geckodriver::marionette	INFO	Starting browser C:/Program Files (x86)/Mozilla Firefox/firefox.exe
1482221796959	geckodriver::marionette	INFO	Connecting to Marionette on localhost:49718
1482221799382	Marionette	INFO	Listening on port 49718
1482221803099	geckodriver	INFO	Listening on 127.0.0.1:49732
1482221894444	geckodriver	INFO	Listening on 127.0.0.1:49754
1482221896445	mozprofile::profile	INFO	Using profile path C:\Users\Jose\AppData\Local\Temp\rust_mozprofile.qLi2V66vsrrv
1482221896445	geckodriver::marionette	INFO	Starting browser C:/Program Files (x86)/Mozilla Firefox/firefox.exe
1482221896445	geckodriver::marionette	INFO	Connecting to Marionette on localhost:49761
1482221897165	Marionette	INFO	Listening on port 49761
*************************
A coding exception was thrown and uncaught in a Task.

Full message: TypeError: can't access dead object
Full stack: find_@chrome://marionette/content/element.js:279:7
element.find/</findElements<@chrome://marionette/content/element.js:250:15
implicitlyWaitFor/</elementSearch@chrome://marionette/content/element.js:576:15

*************************
*************************
A coding exception was thrown and uncaught in a Task.

Full message: TypeError: can't access dead object
Full stack: find_@chrome://marionette/content/element.js:279:7
element.find/</findElements<@chrome://marionette/content/element.js:250:15
implicitlyWaitFor/</elementSearch@chrome://marionette/content/element.js:576:15

*************************
Marionette threw an error: [Exception... "Component returned failure code: 0x80070057 (NS_ERROR_ILLEGAL_VALUE) [nsIMessageSender.sendAsyncMessage]"  nsresult: "0x80070057 (NS_ERROR_ILLEGAL_VALUE)"  location: "JS frame :: chrome://marionette/content/proxy.js :: sendReply_ :: line 187"  data: no]
sendReply_@chrome://marionette/content/proxy.js:187:5
reply@chrome://marionette/content/proxy.js:176:7
sendToServer@chrome://marionette/content/listener.js:430:3
sendError@chrome://marionette/content/listener.js:464:3
dispatch/</<@chrome://marionette/content/listener.js:201:40
Handler.prototype.process@resource://gre/modules/Promise.jsm -> resource://gre/modules/Promise-backend.js:940:21
this.PromiseWalker.walkerLoop@resource://gre/modules/Promise.jsm -> resource://gre/modules/Promise-backend.js:816:7
this.PromiseWalker.scheduleWalkerLoop/<@resource://gre/modules/Promise.jsm -> resource://gre/modules/Promise-backend.js:750:11

1482221926014	geckodriver	INFO	Listening on 127.0.0.1:49785
1482221928014	mozprofile::profile	INFO	Using profile path C:\Users\Jose\AppData\Local\Temp\rust_mozprofile.GuYld4T50cJX
1482221928014	geckodriver::marionette	INFO	Starting browser C:/Program Files (x86)/Mozilla Firefox/firefox.exe
1482221928028	geckodriver::marionette	INFO	Connecting to Marionette on localhost:49791
1482221928787	Marionette	INFO	Listening on port 49791
JavaScript error: https://maxcdn.bootstrapcdn.com/bootstrap/3.3.7/js/bootstrap.min.js, line 6: Error: Bootstrap's JavaScript requires jQuery
*************************
A coding exception was thrown and uncaught in a Task.

Full message: TypeError: can't access dead object
Full stack: find_@chrome://marionette/content/element.js:279:7
element.find/</findElements<@chrome://marionette/content/element.js:250:15
implicitlyWaitFor/</elementSearch@chrome://marionette/content/element.js:576:15

*************************
*************************
A coding exception was thrown and uncaught in a Task.

Full message: TypeError: can't access dead object
Full stack: find_@chrome://marionette/content/element.js:279:7
element.find/</findElements<@chrome://marionette/content/element.js:250:15
implicitlyWaitFor/</elementSearch@chrome://marionette/content/element.js:576:15

*************************
Marionette threw an error: [Exception... "Component returned failure code: 0x80070057 (NS_ERROR_ILLEGAL_VALUE) [nsIMessageSender.sendAsyncMessage]"  nsresult: "0x80070057 (NS_ERROR_ILLEGAL_VALUE)"  location: "JS frame :: chrome://marionette/content/proxy.js :: sendReply_ :: line 187"  data: no]
sendReply_@chrome://marionette/content/proxy.js:187:5
reply@chrome://marionette/content/proxy.js:176:7
sendToServer@chrome://marionette/content/listener.js:430:3
sendError@chrome://marionette/content/listener.js:464:3
dispatch/</<@chrome://marionette/content/listener.js:201:40
Handler.prototype.process@resource://gre/modules/Promise.jsm -> resource://gre/modules/Promise-backend.js:940:21
this.PromiseWalker.walkerLoop@resource://gre/modules/Promise.jsm -> resource://gre/modules/Promise-backend.js:816:7
this.PromiseWalker.scheduleWalkerLoop/<@resource://gre/modules/Promise.jsm -> resource://gre/modules/Promise-backend.js:750:11

